<?xml version="1.0" encoding="UTF-8"?>
<!-- Generated by org.testng.reporters.JUnitReportReporter -->
<testsuite hostname="Nikhils-Air.hsd1.ca.comcast.net" name="com.splunk.test.GetAPITest" tests="1" failures="0" timestamp="4 Jun 2018 15:34:47 GMT" time="1.006" errors="0">
  <testcase name="getAPITest" time="1.006" classname="com.splunk.test.GetAPITest"/>
</testsuite> <!-- com.splunk.test.GetAPITest -->
