<?xml version="1.0" encoding="UTF-8"?>
<!-- Generated by org.testng.reporters.JUnitReportReporter -->
<testsuite hostname="Nikhils-Air.hsd1.ca.comcast.net" name="com.splunk.test.PostAPITest" tests="1" failures="0" timestamp="5 Jun 2018 15:55:09 GMT" time="0.980" errors="0">
  <testcase name="postAPITest" time="0.980" classname="com.splunk.test.PostAPITest"/>
</testsuite> <!-- com.splunk.test.PostAPITest -->
